Case #1: 2 4
Case #2: 3 4
Case #3: 4 5
Case #4: 2 9
Case #5: 4 1
Case #6: 6 0
Case #7: 5 21
Case #8: 5 31
Case #9: 5 41
Case #10: 5 196
Case #11: 2 0
Case #12: 100000 268787
Case #13: 299995 313908
Case #14: 299908 313133
Case #15: 89780 0
Case #16: 299908 34415
Case #17: 299650 316096
Case #18: 19 434
Case #19: 29 476
Case #20: 31 376
Case #21: 12 170
Case #22: 39 642
Case #23: 18 963
Case #24: 33 775
Case #25: 35 346
Case #26: 2 0
Case #27: 6 261
Case #28: 10 364
Case #29: 12 409
Case #30: 48 619
Case #31: 31 595
Case #32: 21 480
Case #33: 3 739
Case #34: 33 58
Case #35: 18 25
Case #36: 45 198
Case #37: 48 868
Case #38: 16 684
Case #39: 10 640
Case #40: 31 436
Case #41: 13 439
Case #42: 4 421
Case #43: 26 924
Case #44: 19 791
Case #45: 32 299
Case #46: 50 509
Case #47: 31 381
Case #48: 46 846
Case #49: 49 237
Case #50: 29 878
Case #51: 49 489
Case #52: 48 770
Case #53: 10 715
Case #54: 9 629
Case #55: 5 89
Case #56: 48 384
Case #57: 15 235
Case #58: 46 110
Case #59: 41 566
Case #60: 45 337
Case #61: 33 258
Case #62: 25 725
Case #63: 34 628
Case #64: 3 346
Case #65: 4 3
Case #66: 9 893
Case #67: 35 140
Case #68: 16 245
Case #69: 33 900
Case #70: 14 317
Case #71: 37 486
Case #72: 42 73
Case #73: 21 766
Case #74: 37 477
Case #75: 6 1
Case #76: 44 647
Case #77: 36 114
Case #78: 25 605
Case #79: 8 170
Case #80: 39 168
Case #81: 7 950
Case #82: 32 703
Case #83: 17 74
Case #84: 15 850
Case #85: 40 845
Case #86: 18 373
Case #87: 37 38
Case #88: 50 205
Case #89: 46 786
Case #90: 30 461
Case #91: 8 403
Case #92: 49 731
Case #93: 3 643
Case #94: 12 146
Case #95: 26 840
Case #96: 10 174
Case #97: 24 327
Case #98: 32 456
Case #99: 18 425
Case #100: 4 386
Case #101: 17 832
Case #102: 32 796
Case #103: 50 623
Case #104: 31 260
Case #105: 14 1
Case #106: 35 519
Case #107: 46 640
Case #108: 34 68
Case #109: 42 199
Case #110: 20 66
Case #111: 6 820
Case #112: 32 114